0 info it worked if it ends with ok
1 verbose cli [ 'node', '/Users/latentflip/.nvm/v0.10.33/bin/npm', 'start' ]
2 info using npm@2.1.18
3 info using node@v0.10.33
4 verbose run-script [ 'prestart', 'start', 'poststart' ]
5 info prestart kerblam-2@1.0.0
6 info start kerblam-2@1.0.0
7 verbose unsafe-perm in lifecycle true
8 info kerblam-2@1.0.0 Failed to exec start script
9 verbose stack Error: kerblam-2@1.0.0 start: `6to5-node server.es6`
9 verbose stack Exit status 1
9 verbose stack     at EventEmitter.<anonymous> (/Users/latentflip/.nvm/v0.10.33/lib/node_modules/npm/lib/utils/lifecycle.js:212:16)
9 verbose stack     at EventEmitter.emit (events.js:98:17)
9 verbose stack     at ChildProcess.<anonymous> (/Users/latentflip/.nvm/v0.10.33/lib/node_modules/npm/lib/utils/spawn.js:14:12)
9 verbose stack     at ChildProcess.emit (events.js:98:17)
9 verbose stack     at maybeClose (child_process.js:756:16)
9 verbose stack     at Process.ChildProcess._handle.onexit (child_process.js:823:5)
10 verbose pkgid kerblam-2@1.0.0
11 verbose cwd /Users/latentflip/Code/github/latentflip/kerblam-2
12 error Darwin 14.0.0
13 error argv "node" "/Users/latentflip/.nvm/v0.10.33/bin/npm" "start"
14 error node v0.10.33
15 error npm  v2.1.18
16 error code ELIFECYCLE
17 error kerblam-2@1.0.0 start: `6to5-node server.es6`
17 error Exit status 1
18 error Failed at the kerblam-2@1.0.0 start script '6to5-node server.es6'.
18 error This is most likely a problem with the kerblam-2 package,
18 error not with npm itself.
18 error Tell the author that this fails on your system:
18 error     6to5-node server.es6
18 error You can get their info via:
18 error     npm owner ls kerblam-2
18 error There is likely additional logging output above.
19 verbose exit [ 1, true ]
